<?xml version="1.0" encoding="UTF-8"?>
<!-- Generated by org.testng.reporters.JUnitXMLReporter -->
<testsuite ignored="0" hostname="Eric" failures="0" tests="2" name="Error Validation Test" time="16.706" errors="0" timestamp="25 Apr 2024 10:56:37 GMT">
  <testcase classname="ericwin.tests.ErrorValidationsTest" name="loginErrorValidation" time="1.048"/>
  <testcase classname="ericwin.tests.ErrorValidationsTest" name="productErrorValidation" time="3.729"/>
</testsuite> <!-- Error Validation Test -->
