<?xml version="1.0" encoding="UTF-8"?>
<!-- Generated by org.testng.reporters.JUnitXMLReporter -->
<testsuite ignored="0" hostname="Eric" failures="0" tests="3" name="Submit Order Test" time="25.776" errors="0" timestamp="25 Apr 2024 10:56:46 GMT">
  <testcase classname="ericwin.tests.SubmitOrderTest" name="submitOrder" time="5.4"/>
  <testcase classname="ericwin.tests.SubmitOrderTest" name="submitOrder" time="5.182"/>
  <testcase classname="ericwin.tests.SubmitOrderTest" name="orderHistoryTest" time="0.884"/>
</testsuite> <!-- Submit Order Test -->
