<?xml version="1.0" encoding="UTF-8"?>
<!-- Generated by org.testng.reporters.JUnitXMLReporter -->
<testsuite ignored="0" hostname="Eric" failures="0" tests="2" name="Error Validation Test" time="14.795" errors="0" timestamp="2024-04-26T14:49:09 WIB">
  <testcase classname="ericwin.tests.ErrorValidationsTest" name="loginErrorValidation" time="1.089"/>
  <testcase classname="ericwin.tests.ErrorValidationsTest" name="productErrorValidation" time="3.714"/>
</testsuite> <!-- Error Validation Test -->
