<?xml version="1.0" encoding="UTF-8"?>
<!-- Generated by org.testng.reporters.JUnitXMLReporter -->
<testsuite ignored="0" hostname="Eric" failures="0" tests="3" name="Submit Order Test" time="26.394" errors="0" timestamp="2024-04-26T14:49:20 WIB">
  <testcase classname="ericwin.tests.SubmitOrderTest" name="submitOrder" time="5.751"/>
  <testcase classname="ericwin.tests.SubmitOrderTest" name="submitOrder" time="4.649"/>
  <testcase classname="ericwin.tests.SubmitOrderTest" name="orderHistoryTest" time="3.586"/>
</testsuite> <!-- Submit Order Test -->
